0 info it worked if it ends with ok
1 verbose cli [ 'node', '/usr/local/bin/npm', 'install', '-g', 'learnyounode' ]
2 info using npm@2.7.4
3 info using node@v0.12.2
4 silly cache add args [ 'learnyounode', null ]
5 verbose cache add spec learnyounode
6 silly cache add parsed spec { raw: 'learnyounode',
6 silly cache add   scope: null,
6 silly cache add   name: 'learnyounode',
6 silly cache add   rawSpec: '',
6 silly cache add   spec: '*',
6 silly cache add   type: 'range' }
7 verbose addNamed learnyounode@*
8 silly addNamed semver.valid null
9 silly addNamed semver.validRange *
10 silly addNameRange { name: 'learnyounode', range: '*', hasData: false }
11 silly mapToRegistry name learnyounode
12 silly mapToRegistry using default registry
13 silly mapToRegistry registry https://registry.npmjs.org/
14 silly mapToRegistry uri https://registry.npmjs.org/learnyounode
15 verbose addNameRange registry:https://registry.npmjs.org/learnyounode not in flight; fetching
16 verbose request uri https://registry.npmjs.org/learnyounode
17 verbose request no auth needed
18 info attempt registry request try #1 at 8:45:32 AM
19 verbose request id f11ccce7f83a001a
20 http request GET https://registry.npmjs.org/learnyounode
21 http 200 https://registry.npmjs.org/learnyounode
22 silly get cb [ 200,
22 silly get   { server: 'CouchDB/1.5.0 (Erlang OTP/R16B03)',
22 silly get     etag: '"DXTP994KE5PMSQANJAAO5C4CW"',
22 silly get     'content-type': 'application/json',
22 silly get     'cache-control': 'max-age=60',
22 silly get     'content-length': '110655',
22 silly get     'accept-ranges': 'bytes',
22 silly get     date: 'Sun, 03 May 2015 07:45:32 GMT',
22 silly get     via: '1.1 varnish',
22 silly get     age: '0',
22 silly get     connection: 'keep-alive',
22 silly get     'x-served-by': 'cache-fra1248-FRA',
22 silly get     'x-cache': 'HIT',
22 silly get     'x-cache-hits': '1',
22 silly get     'x-timer': 'S1430639131.671241,VS0,VE422',
22 silly get     vary: 'Accept' } ]
23 verbose get saving learnyounode to /Users/jbs/.npm/registry.npmjs.org/learnyounode/.cache.json
24 silly addNameRange number 2 { name: 'learnyounode', range: '*', hasData: true }
25 silly addNameRange versions [ 'learnyounode',
25 silly addNameRange   [ '0.0.0',
25 silly addNameRange     '0.0.1',
25 silly addNameRange     '0.0.2',
25 silly addNameRange     '0.0.3',
25 silly addNameRange     '0.0.4',
25 silly addNameRange     '0.0.5',
25 silly addNameRange     '0.0.6',
25 silly addNameRange     '0.0.7',
25 silly addNameRange     '0.0.8',
25 silly addNameRange     '0.0.9',
25 silly addNameRange     '0.1.0',
25 silly addNameRange     '0.1.1',
25 silly addNameRange     '0.2.0',
25 silly addNameRange     '0.2.1',
25 silly addNameRange     '0.2.2',
25 silly addNameRange     '0.2.3',
25 silly addNameRange     '0.2.4',
25 silly addNameRange     '0.2.5',
25 silly addNameRange     '0.2.6',
25 silly addNameRange     '0.2.7',
25 silly addNameRange     '0.2.8',
25 silly addNameRange     '0.2.9',
25 silly addNameRange     '0.2.10',
25 silly addNameRange     '0.2.11',
25 silly addNameRange     '0.2.12',
25 silly addNameRange     '0.2.13',
25 silly addNameRange     '0.2.14',
25 silly addNameRange     '0.2.15',
25 silly addNameRange     '0.2.16',
25 silly addNameRange     '0.2.16-mimbug',
25 silly addNameRange     '0.3.0',
25 silly addNameRange     '0.3.1',
25 silly addNameRange     '0.3.2',
25 silly addNameRange     '0.3.3',
25 silly addNameRange     '0.4.0',
25 silly addNameRange     '0.4.1',
25 silly addNameRange     '1.0.0-alpha01',
25 silly addNameRange     '1.0.0',
25 silly addNameRange     '1.0.1',
25 silly addNameRange     '1.0.2',
25 silly addNameRange     '1.0.3',
25 silly addNameRange     '1.0.4',
25 silly addNameRange     '1.0.5',
25 silly addNameRange     '1.0.6',
25 silly addNameRange     '1.0.7',
25 silly addNameRange     '2.0.0',
25 silly addNameRange     '2.0.1',
25 silly addNameRange     '2.1.0',
25 silly addNameRange     '2.2.0',
25 silly addNameRange     '2.2.1',
25 silly addNameRange     '2.2.2',
25 silly addNameRange     '2.3.0',
25 silly addNameRange     '2.3.1',
25 silly addNameRange     '2.3.2',
25 silly addNameRange     '2.3.3',
25 silly addNameRange     '2.3.4',
25 silly addNameRange     '2.4.0',
25 silly addNameRange     '2.5.0',
25 silly addNameRange     '2.6.0',
25 silly addNameRange     '2.5.1',
25 silly addNameRange     '2.5.2' ] ]
26 verbose addNamed learnyounode@2.5.2
27 silly addNamed semver.valid 2.5.2
28 silly addNamed semver.validRange 2.5.2
29 silly mapToRegistry name learnyounode
30 silly mapToRegistry using default registry
31 silly mapToRegistry registry https://registry.npmjs.org/
32 silly mapToRegistry uri https://registry.npmjs.org/learnyounode
33 verbose addRemoteTarball https://registry.npmjs.org/learnyounode/-/learnyounode-2.5.2.tgz not in flight; adding
34 verbose addRemoteTarball [ 'https://registry.npmjs.org/learnyounode/-/learnyounode-2.5.2.tgz',
34 verbose addRemoteTarball   '093fef22d5b72573ba126b9b9f9edc012ed43695' ]
35 info retry fetch attempt 1 at 8:45:32 AM
36 info attempt registry request try #1 at 8:45:32 AM
37 http fetch GET https://registry.npmjs.org/learnyounode/-/learnyounode-2.5.2.tgz
38 http fetch 200 https://registry.npmjs.org/learnyounode/-/learnyounode-2.5.2.tgz
39 silly fetchAndShaCheck shasum 093fef22d5b72573ba126b9b9f9edc012ed43695
40 verbose addTmpTarball /var/folders/z0/l74jm_rx4h1fkdwdd2898s9w0000gn/T/npm-55257-24d7e682/registry.npmjs.org/learnyounode/-/learnyounode-2.5.2.tgz not in flight; adding
41 verbose addTmpTarball already have metadata; skipping unpack for learnyounode@2.5.2
42 silly cache afterAdd learnyounode@2.5.2
43 verbose afterAdd /Users/jbs/.npm/learnyounode/2.5.2/package/package.json not in flight; writing
44 verbose afterAdd /Users/jbs/.npm/learnyounode/2.5.2/package/package.json written
45 silly install resolved [ { name: 'learnyounode',
45 silly install resolved     version: '2.5.2',
45 silly install resolved     description: 'Learn You The Node.js For Much Win! An intro to Node.js via a set of self-guided workshops.',
45 silly install resolved     author:
45 silly install resolved      { name: 'Rod Vagg',
45 silly install resolved        email: 'rod@vagg.org',
45 silly install resolved        url: 'https://github.com/rvagg' },
45 silly install resolved     contributors:
45 silly install resolved      [ [Object],
45 silly install resolved        [Object],
45 silly install resolved        [Object],
45 silly install resolved        [Object],
45 silly install resolved        [Object],
45 silly install resolved        [Object],
45 silly install resolved        [Object],
45 silly install resolved        [Object],
45 silly install resolved        [Object],
45 silly install resolved        [Object],
45 silly install resolved        [Object],
45 silly install resolved        [Object],
45 silly install resolved        [Object],
45 silly install resolved        [Object],
45 silly install resolved        [Object],
45 silly install resolved        [Object] ],
45 silly install resolved     repository:
45 silly install resolved      { type: 'git',
45 silly install resolved        url: 'https://github.com/rvagg/learnyounode.git' },
45 silly install resolved     license: 'MIT',
45 silly install resolved     dependencies:
45 silly install resolved      { after: '~0.8.1',
45 silly install resolved        bl: '~0.9.4',
45 silly install resolved        boganipsum: '~0.1.0',
45 silly install resolved        chalk: '~0.5.1',
45 silly install resolved        'colors-tmpl': '~1.0.0',
45 silly install resolved        'combined-stream': '~0.0.7',
45 silly install resolved        'concat-stream': '~1.4.7',
45 silly install resolved        duplexer: '~0.1.1',
45 silly install resolved        hyperquest: '~1.0.1',
45 silly install resolved        rimraf: '~2.2.8',
45 silly install resolved        through: '~2.3.6',
45 silly install resolved        through2: '~0.6.3',
45 silly install resolved        'through2-map': '~1.4.0',
45 silly install resolved        workshopper: '~2.5.0',
45 silly install resolved        'workshopper-exercise': '~2.3.0',
45 silly install resolved        'workshopper-wrappedexec': '~0.1.1' },
45 silly install resolved     bin: { learnyounode: './learnyounode.js' },
45 silly install resolved     preferGlobal: true,
45 silly install resolved     gitHead: '5fbc23b8d2bab2af0db6403357244086f3883c24',
45 silly install resolved     bugs: { url: 'https://github.com/rvagg/learnyounode/issues' },
45 silly install resolved     homepage: 'https://github.com/rvagg/learnyounode',
45 silly install resolved     _id: 'learnyounode@2.5.2',
45 silly install resolved     scripts: {},
45 silly install resolved     _shasum: '093fef22d5b72573ba126b9b9f9edc012ed43695',
45 silly install resolved     _from: 'learnyounode@*',
45 silly install resolved     _npmVersion: '2.7.6',
45 silly install resolved     _nodeVersion: '1.7.1',
45 silly install resolved     _npmUser: { name: 'rvagg', email: 'rod@vagg.org' },
45 silly install resolved     maintainers: [ [Object] ],
45 silly install resolved     dist:
45 silly install resolved      { shasum: '093fef22d5b72573ba126b9b9f9edc012ed43695',
45 silly install resolved        tarball: 'http://registry.npmjs.org/learnyounode/-/learnyounode-2.5.2.tgz' },
45 silly install resolved     directories: {},
45 silly install resolved     _resolved: 'https://registry.npmjs.org/learnyounode/-/learnyounode-2.5.2.tgz' } ]
46 info install learnyounode@2.5.2 into /usr/local/lib
47 info installOne learnyounode@2.5.2
48 verbose installOne of learnyounode to /usr/local/lib not in flight; installing
49 verbose lock using /Users/jbs/.npm/_locks/learnyounode-3267a39f0ae1a4f5.lock for /usr/local/lib/node_modules/learnyounode
50 silly install write writing learnyounode 2.5.2 to /usr/local/lib/node_modules/learnyounode
51 silly cache addNamed cb learnyounode@2.5.2
52 verbose unbuild lib/node_modules/learnyounode
53 silly gentlyRm /usr/local/lib/node_modules/learnyounode is being purged from base /usr/local
54 verbose gentlyRm don't care about contents; nuking /usr/local/lib/node_modules/learnyounode
55 verbose tar unpack /Users/jbs/.npm/learnyounode/2.5.2/package.tgz
56 verbose tar unpacking to /usr/local/lib/node_modules/learnyounode
57 silly gentlyRm /usr/local/lib/node_modules/learnyounode is being purged
58 verbose gentlyRm don't care about contents; nuking /usr/local/lib/node_modules/learnyounode
59 silly gunzTarPerm modes [ '755', '644' ]
60 error tar.unpack untar error /Users/jbs/.npm/learnyounode/2.5.2/package.tgz
61 verbose unlock done using /Users/jbs/.npm/_locks/learnyounode-3267a39f0ae1a4f5.lock for /usr/local/lib/node_modules/learnyounode
62 verbose fstream_path /usr/local/lib/node_modules/learnyounode
63 verbose fstream_type Directory
64 verbose fstream_class DirWriter
65 verbose stack Error: EACCES, mkdir '/usr/local/lib/node_modules/learnyounode'
65 verbose stack     at Error (native)
66 verbose fstream_stack /usr/local/lib/node_modules/npm/node_modules/fstream/lib/dir-writer.js:36:23
66 verbose fstream_stack /usr/local/lib/node_modules/npm/node_modules/mkdirp/index.js:46:53
66 verbose fstream_stack FSReqWrap.oncomplete (fs.js:95:15)
67 verbose cwd /Users/jbs/Documents/Github/jonbstrong.github.io
68 error Darwin 14.3.0
69 error argv "node" "/usr/local/bin/npm" "install" "-g" "learnyounode"
70 error node v0.12.2
71 error npm  v2.7.4
72 error path /usr/local/lib/node_modules/learnyounode
73 error code EACCES
74 error errno -13
75 error Error: EACCES, mkdir '/usr/local/lib/node_modules/learnyounode'
75 error     at Error (native)
75 error  { [Error: EACCES, mkdir '/usr/local/lib/node_modules/learnyounode']
75 error   errno: -13,
75 error   code: 'EACCES',
75 error   path: '/usr/local/lib/node_modules/learnyounode',
75 error   fstream_type: 'Directory',
75 error   fstream_path: '/usr/local/lib/node_modules/learnyounode',
75 error   fstream_class: 'DirWriter',
75 error   fstream_stack:
75 error    [ '/usr/local/lib/node_modules/npm/node_modules/fstream/lib/dir-writer.js:36:23',
75 error      '/usr/local/lib/node_modules/npm/node_modules/mkdirp/index.js:46:53',
75 error      'FSReqWrap.oncomplete (fs.js:95:15)' ] }
76 error Please try running this command again as root/Administrator.
77 verbose exit [ -13, true ]
78 verbose unbuild lib/node_modules/learnyounode
79 silly gentlyRm /usr/local/lib/node_modules/learnyounode is being purged from base /usr/local
80 verbose gentlyRm don't care about contents; nuking /usr/local/lib/node_modules/learnyounode
